2026-04-27 18:46:09 [main] INFO  stepDefinitions.LoginSteps - Launching browser
2026-04-27 18:46:09 [main] INFO  stepDefinitions.LoginSteps - Opening Orange HRM Login page
2026-04-27 18:46:11 [main] INFO  stepDefinitions.LoginSteps - Enter email and password
2026-04-27 18:46:22 [main] INFO  stepDefinitions.LoginSteps - CLicking login button
2026-04-27 18:46:26 [main] INFO  stepDefinitions.LoginSteps - Launching browser
2026-04-27 18:46:26 [main] INFO  stepDefinitions.LoginSteps - Opening Orange HRM Login page
2026-04-27 18:46:33 [main] INFO  stepDefinitions.LoginSteps - Enter email and password
2026-04-27 18:46:34 [main] INFO  stepDefinitions.LoginSteps - CLicking login button
2026-04-27 19:18:16 [main] INFO  stepDefinitions.LoginSteps - Launching browser
2026-04-27 19:18:16 [main] INFO  stepDefinitions.LoginSteps - Opening Orange HRM Login page
2026-04-27 19:18:17 [main] INFO  stepDefinitions.LoginSteps - Enter email and password
2026-04-27 19:18:24 [main] INFO  stepDefinitions.LoginSteps - CLicking login button
2026-04-27 19:18:29 [main] INFO  stepDefinitions.LoginSteps - Launching browser
2026-04-27 19:18:29 [main] INFO  stepDefinitions.LoginSteps - Opening Orange HRM Login page
2026-04-27 19:18:32 [main] INFO  stepDefinitions.LoginSteps - Enter email and password
2026-04-27 19:18:32 [main] INFO  stepDefinitions.LoginSteps - CLicking login button
2026-04-27 19:45:24 [main] INFO  stepDefinitions.LoginSteps - Launching browser
2026-04-27 19:45:24 [main] INFO  stepDefinitions.LoginSteps - Opening Orange HRM Login page
2026-04-27 19:45:37 [main] INFO  stepDefinitions.LoginSteps - Enter email and password
2026-04-27 19:45:37 [main] INFO  stepDefinitions.LoginSteps - CLicking login button
2026-04-27 19:45:43 [main] INFO  stepDefinitions.LoginSteps - Launching browser
2026-04-27 19:45:43 [main] INFO  stepDefinitions.LoginSteps - Opening Orange HRM Login page
2026-04-27 19:45:47 [main] INFO  stepDefinitions.LoginSteps - Enter email and password
2026-04-27 19:45:48 [main] INFO  stepDefinitions.LoginSteps - CLicking login button
2026-04-27 21:23:23 [main] INFO  stepDefinitions.LoginSteps - Launching browser
2026-04-27 21:23:23 [main] INFO  stepDefinitions.LoginSteps - Opening Orange HRM Login page
2026-04-27 21:23:36 [main] INFO  stepDefinitions.LoginSteps - Enter email and password
2026-04-27 21:23:36 [main] INFO  stepDefinitions.LoginSteps - CLicking login button
2026-04-27 21:23:47 [main] INFO  stepDefinitions.LoginSteps - Launching browser
2026-04-27 21:23:47 [main] INFO  stepDefinitions.LoginSteps - Opening Orange HRM Login page
2026-04-27 21:23:59 [main] INFO  stepDefinitions.LoginSteps - Enter email and password
2026-04-27 21:23:59 [main] INFO  stepDefinitions.LoginSteps - CLicking login button
2026-04-27 21:24:05 [main] INFO  stepDefinitions.LoginSteps - Launching browser
2026-04-27 21:24:05 [main] INFO  stepDefinitions.LoginSteps - Opening Orange HRM Login page
2026-04-27 21:24:18 [main] INFO  stepDefinitions.LoginSteps - Enter email and password
2026-04-27 21:24:18 [main] INFO  stepDefinitions.LoginSteps - CLicking login button
2026-04-27 21:24:24 [main] INFO  stepDefinitions.LoginSteps - Launching browser
2026-04-27 21:24:24 [main] INFO  stepDefinitions.LoginSteps - Opening Orange HRM Login page
2026-04-27 21:24:38 [main] INFO  stepDefinitions.LoginSteps - Enter email and password
2026-04-27 21:24:38 [main] INFO  stepDefinitions.LoginSteps - CLicking login button
2026-04-27 21:24:43 [main] INFO  stepDefinitions.LoginSteps - Launching browser
2026-04-27 21:24:43 [main] INFO  stepDefinitions.LoginSteps - Opening Orange HRM Login page
2026-04-27 21:24:53 [main] INFO  stepDefinitions.LoginSteps - Enter email and password
2026-04-27 21:24:53 [main] INFO  stepDefinitions.LoginSteps - CLicking login button
2026-04-27 21:32:53 [main] INFO  stepDefinitions.LoginSteps - Launching browser
2026-04-27 21:32:53 [main] INFO  stepDefinitions.LoginSteps - Opening Orange HRM Login page
2026-04-27 21:33:04 [main] INFO  stepDefinitions.LoginSteps - Enter email and password
2026-04-27 21:33:04 [main] INFO  stepDefinitions.LoginSteps - CLicking login button
2026-04-27 21:33:14 [main] INFO  stepDefinitions.LoginSteps - Launching browser
2026-04-27 21:33:14 [main] INFO  stepDefinitions.LoginSteps - Opening Orange HRM Login page
2026-04-27 21:33:23 [main] INFO  stepDefinitions.LoginSteps - Enter email and password
2026-04-27 21:33:23 [main] INFO  stepDefinitions.LoginSteps - CLicking login button
2026-04-27 21:33:29 [main] INFO  stepDefinitions.LoginSteps - Launching browser
2026-04-27 21:33:29 [main] INFO  stepDefinitions.LoginSteps - Opening Orange HRM Login page
2026-04-27 21:33:36 [main] INFO  stepDefinitions.LoginSteps - Enter email and password
2026-04-27 21:33:37 [main] INFO  stepDefinitions.LoginSteps - CLicking login button
2026-04-27 21:33:43 [main] INFO  stepDefinitions.LoginSteps - Launching browser
2026-04-27 21:33:43 [main] INFO  stepDefinitions.LoginSteps - Opening Orange HRM Login page
2026-04-27 21:33:50 [main] INFO  stepDefinitions.LoginSteps - Enter email and password
2026-04-27 21:33:50 [main] INFO  stepDefinitions.LoginSteps - CLicking login button
2026-04-27 21:33:54 [main] INFO  stepDefinitions.LoginSteps - Launching browser
2026-04-27 21:33:54 [main] INFO  stepDefinitions.LoginSteps - Opening Orange HRM Login page
2026-04-27 21:34:04 [main] INFO  stepDefinitions.LoginSteps - Enter email and password
2026-04-27 21:34:04 [main] INFO  stepDefinitions.LoginSteps - CLicking login button
2026-04-27 21:44:26 [main] INFO  stepDefinitions.LoginSteps - Launching browser
2026-04-27 21:44:26 [main] INFO  stepDefinitions.LoginSteps - Opening Orange HRM Login page
2026-04-27 21:44:40 [main] INFO  stepDefinitions.LoginSteps - Enter email and password
2026-04-27 21:44:41 [main] INFO  stepDefinitions.LoginSteps - CLicking login button
2026-04-27 21:44:51 [main] INFO  stepDefinitions.LoginSteps - Launching browser
2026-04-27 21:44:51 [main] INFO  stepDefinitions.LoginSteps - Opening Orange HRM Login page
2026-04-27 21:45:13 [main] INFO  stepDefinitions.LoginSteps - Enter email and password
2026-04-27 21:45:13 [main] INFO  stepDefinitions.LoginSteps - CLicking login button
2026-04-27 21:45:19 [main] INFO  stepDefinitions.LoginSteps - Launching browser
2026-04-27 21:45:19 [main] INFO  stepDefinitions.LoginSteps - Opening Orange HRM Login page
2026-04-27 21:45:28 [main] INFO  stepDefinitions.LoginSteps - Enter email and password
2026-04-27 21:45:28 [main] INFO  stepDefinitions.LoginSteps - CLicking login button
2026-04-27 21:45:33 [main] INFO  stepDefinitions.LoginSteps - Actual message: Info
2026-04-27 21:45:35 [main] INFO  stepDefinitions.LoginSteps - Launching browser
2026-04-27 21:45:35 [main] INFO  stepDefinitions.LoginSteps - Opening Orange HRM Login page
2026-04-27 21:45:44 [main] INFO  stepDefinitions.LoginSteps - Enter email and password
2026-04-27 21:45:44 [main] INFO  stepDefinitions.LoginSteps - CLicking login button
2026-04-27 21:45:48 [main] INFO  stepDefinitions.LoginSteps - Launching browser
2026-04-27 21:45:48 [main] INFO  stepDefinitions.LoginSteps - Opening Orange HRM Login page
2026-04-27 21:46:01 [main] INFO  stepDefinitions.LoginSteps - Enter email and password
2026-04-27 21:46:01 [main] INFO  stepDefinitions.LoginSteps - CLicking login button
2026-04-27 22:08:08 [main] INFO  stepDefinitions.LoginSteps - Launching browser
2026-04-27 22:08:08 [main] INFO  stepDefinitions.LoginSteps - Opening Orange HRM Login page
2026-04-27 22:08:18 [main] INFO  stepDefinitions.LoginSteps - Enter email and password
2026-04-27 22:08:19 [main] INFO  stepDefinitions.LoginSteps - CLicking login button
2026-04-27 22:08:29 [main] INFO  stepDefinitions.LoginSteps - Launching browser
2026-04-27 22:08:29 [main] INFO  stepDefinitions.LoginSteps - Opening Orange HRM Login page
2026-04-27 22:08:37 [main] INFO  stepDefinitions.LoginSteps - Enter email and password
2026-04-27 22:08:38 [main] INFO  stepDefinitions.LoginSteps - CLicking login button
2026-04-27 22:08:50 [main] INFO  stepDefinitions.LoginSteps - Launching browser
2026-04-27 22:08:50 [main] INFO  stepDefinitions.LoginSteps - Opening Orange HRM Login page
2026-04-27 22:09:12 [main] INFO  stepDefinitions.LoginSteps - Enter email and password
2026-04-27 22:09:12 [main] INFO  stepDefinitions.LoginSteps - CLicking login button
2026-04-27 22:09:22 [main] INFO  stepDefinitions.LoginSteps - Actual message: No Records Found
2026-04-27 22:09:23 [main] INFO  stepDefinitions.LoginSteps - Launching browser
2026-04-27 22:09:23 [main] INFO  stepDefinitions.LoginSteps - Opening Orange HRM Login page
2026-04-27 22:09:30 [main] INFO  stepDefinitions.LoginSteps - Enter email and password
2026-04-27 22:09:31 [main] INFO  stepDefinitions.LoginSteps - CLicking login button
2026-04-27 22:09:37 [main] INFO  stepDefinitions.LoginSteps - Launching browser
2026-04-27 22:09:37 [main] INFO  stepDefinitions.LoginSteps - Opening Orange HRM Login page
2026-04-27 22:09:51 [main] INFO  stepDefinitions.LoginSteps - Enter email and password
2026-04-27 22:09:51 [main] INFO  stepDefinitions.LoginSteps - CLicking login button
2026-04-27 22:13:05 [main] INFO  stepDefinitions.LoginSteps - Launching browser
2026-04-27 22:13:05 [main] INFO  stepDefinitions.LoginSteps - Opening Orange HRM Login page
2026-04-27 22:13:14 [main] INFO  stepDefinitions.LoginSteps - Enter email and password
2026-04-27 22:13:14 [main] INFO  stepDefinitions.LoginSteps - CLicking login button
2026-04-27 22:13:23 [main] INFO  stepDefinitions.LoginSteps - Launching browser
2026-04-27 22:13:23 [main] INFO  stepDefinitions.LoginSteps - Opening Orange HRM Login page
2026-04-27 22:13:33 [main] INFO  stepDefinitions.LoginSteps - Enter email and password
2026-04-27 22:13:33 [main] INFO  stepDefinitions.LoginSteps - CLicking login button
2026-04-27 22:13:39 [main] INFO  stepDefinitions.LoginSteps - Launching browser
2026-04-27 22:13:39 [main] INFO  stepDefinitions.LoginSteps - Opening Orange HRM Login page
2026-04-27 22:13:50 [main] INFO  stepDefinitions.LoginSteps - Enter email and password
2026-04-27 22:13:50 [main] INFO  stepDefinitions.LoginSteps - CLicking login button
2026-04-27 22:13:57 [main] INFO  stepDefinitions.LoginSteps - Launching browser
2026-04-27 22:13:57 [main] INFO  stepDefinitions.LoginSteps - Opening Orange HRM Login page
2026-04-27 22:14:03 [main] INFO  stepDefinitions.LoginSteps - Enter email and password
2026-04-27 22:14:04 [main] INFO  stepDefinitions.LoginSteps - CLicking login button
2026-04-27 22:14:08 [main] INFO  stepDefinitions.LoginSteps - Launching browser
2026-04-27 22:14:08 [main] INFO  stepDefinitions.LoginSteps - Opening Orange HRM Login page
2026-04-27 22:14:19 [main] INFO  stepDefinitions.LoginSteps - Enter email and password
2026-04-27 22:14:19 [main] INFO  stepDefinitions.LoginSteps - CLicking login button
2026-05-01 13:17:09 [main] INFO  stepDefinitions.LoginSteps - Launching browser
2026-05-01 13:17:09 [main] INFO  stepDefinitions.LoginSteps - Opening Orange HRM Login page
2026-05-01 13:17:16 [main] INFO  stepDefinitions.LoginSteps - Enter email and password
2026-05-01 13:17:16 [main] INFO  stepDefinitions.LoginSteps - CLicking login button
2026-05-01 13:17:27 [main] INFO  stepDefinitions.LoginSteps - Launching browser
2026-05-01 13:17:27 [main] INFO  stepDefinitions.LoginSteps - Opening Orange HRM Login page
2026-05-01 13:17:34 [main] INFO  stepDefinitions.LoginSteps - Enter email and password
2026-05-01 13:17:34 [main] INFO  stepDefinitions.LoginSteps - CLicking login button
2026-05-01 13:17:40 [main] INFO  stepDefinitions.LoginSteps - Launching browser
2026-05-01 13:17:40 [main] INFO  stepDefinitions.LoginSteps - Opening Orange HRM Login page
2026-05-01 13:17:51 [main] INFO  stepDefinitions.LoginSteps - Enter email and password
2026-05-01 13:17:51 [main] INFO  stepDefinitions.LoginSteps - CLicking login button
2026-05-01 13:17:57 [main] INFO  stepDefinitions.LoginSteps - Launching browser
2026-05-01 13:17:57 [main] INFO  stepDefinitions.LoginSteps - Opening Orange HRM Login page
2026-05-01 13:18:07 [main] INFO  stepDefinitions.LoginSteps - Enter email and password
2026-05-01 13:18:07 [main] INFO  stepDefinitions.LoginSteps - CLicking login button
2026-05-01 13:18:11 [main] INFO  stepDefinitions.LoginSteps - Launching browser
2026-05-01 13:18:11 [main] INFO  stepDefinitions.LoginSteps - Opening Orange HRM Login page
2026-05-01 13:18:21 [main] INFO  stepDefinitions.LoginSteps - Enter email and password
2026-05-01 13:18:21 [main] INFO  stepDefinitions.LoginSteps - CLicking login button
2026-07-10 20:03:46 [main] INFO  stepDefinitions.LoginSteps - Launching browser
2026-07-10 20:03:46 [main] INFO  stepDefinitions.LoginSteps - Opening Orange HRM Login page
2026-07-10 20:03:50 [main] INFO  stepDefinitions.LoginSteps - Enter email and password
2026-07-10 20:03:51 [main] INFO  stepDefinitions.LoginSteps - CLicking login button
2026-07-10 20:03:57 [main] INFO  stepDefinitions.LoginSteps - Launching browser
2026-07-10 20:03:57 [main] INFO  stepDefinitions.LoginSteps - Opening Orange HRM Login page
2026-07-10 20:04:01 [main] INFO  stepDefinitions.LoginSteps - Enter email and password
2026-07-10 20:04:01 [main] INFO  stepDefinitions.LoginSteps - CLicking login button
2026-07-10 20:53:18 [main] INFO  stepDefinitions.LoginSteps - Launching browser
2026-07-10 20:53:18 [main] INFO  stepDefinitions.LoginSteps - Opening Orange HRM Login page
2026-07-10 20:53:21 [main] INFO  stepDefinitions.LoginSteps - Enter email and password
2026-07-10 20:53:22 [main] INFO  stepDefinitions.LoginSteps - CLicking login button
2026-07-10 20:53:32 [main] INFO  stepDefinitions.LoginSteps - Launching browser
2026-07-10 20:53:32 [main] INFO  stepDefinitions.LoginSteps - Opening Orange HRM Login page
2026-07-10 20:55:17 [main] INFO  hooks.Hooks - Screenshot capture failed: invalid session id: session deleted as the browser has closed the connection
from disconnected: not connected to DevTools
  (Session info: chrome=149.0.7827.199)
Build info: version: '4.43.0', revision: 'dd0f534'
System info: os.name: 'Windows 11', os.arch: 'amd64', os.version: '10.0', java.version: '21.0.8'
Driver info: org.openqa.selenium.chrome.ChromeDriver
Command: [75f02f70025ad7c8892717e2013d1ec4, executeAsyncScript {args=[], script=const callback = arguments[arguments.length - 1];requestAnimationFrame(() => {  requestAnimationFrame(() => {      callback(true);  });});}]
Capabilities {acceptInsecureCerts: false, browserName: chrome, browserVersion: 149.0.7827.199, chrome: {chromedriverVersion: 149.0.7827.155 (07b52360cc1..., userDataDir: C:\Users\arunr\AppData\Loca...}, fedcm:accounts: true, goog:chromeOptions: {debuggerAddress: localhost:53536}, goog:processID: 18168, networkConnectionEnabled: false, pageLoadStrategy: normal, platformName: windows, proxy: Proxy(), se:cdp: ws://localhost:53536/devtoo..., se:cdpVersion: 149.0.7827.199, setWindowRect: true, strictFileInteractability: false, timeouts: {implicit: 0, pageLoad: 300000, script: 30000}, unhandledPromptBehavior: dismiss and notify, webauthn:extension:credBlob: true, webauthn:extension:largeBlob: true, webauthn:extension:minPinLength: true, webauthn:extension:prf: true, webauthn:virtualAuthenticators: true}
Session ID: 75f02f70025ad7c8892717e2013d1ec4
2026-07-10 20:55:18 [main] INFO  stepDefinitions.LoginSteps - Launching browser
2026-07-10 20:55:18 [main] INFO  stepDefinitions.LoginSteps - Opening Orange HRM Login page
2026-07-10 20:55:22 [main] INFO  stepDefinitions.LoginSteps - Enter email and password
2026-07-10 20:55:23 [main] INFO  stepDefinitions.LoginSteps - CLicking login button
2026-07-10 20:55:28 [main] INFO  stepDefinitions.LoginSteps - Launching browser
2026-07-10 20:55:28 [main] INFO  stepDefinitions.LoginSteps - Opening Orange HRM Login page
2026-07-10 20:55:32 [main] INFO  stepDefinitions.LoginSteps - Enter email and password
2026-07-10 20:55:32 [main] INFO  stepDefinitions.LoginSteps - CLicking login button
2026-07-10 20:55:38 [main] INFO  stepDefinitions.LoginSteps - Launching browser
2026-07-10 20:55:38 [main] INFO  stepDefinitions.LoginSteps - Opening Orange HRM Login page
2026-07-10 20:55:41 [main] INFO  stepDefinitions.LoginSteps - Enter email and password
2026-07-10 20:55:42 [main] INFO  stepDefinitions.LoginSteps - CLicking login button
2026-07-11 09:13:38 [main] INFO  stepDefinitions.LoginSteps - Launching browser
2026-07-11 09:13:38 [main] INFO  stepDefinitions.LoginSteps - Opening Orange HRM Login page
2026-07-11 09:13:42 [main] INFO  stepDefinitions.LoginSteps - Enter email and password
2026-07-11 09:13:42 [main] INFO  stepDefinitions.LoginSteps - CLicking login button
2026-07-11 09:13:52 [main] INFO  stepDefinitions.LoginSteps - Launching browser
2026-07-11 09:13:52 [main] INFO  stepDefinitions.LoginSteps - Opening Orange HRM Login page
2026-07-11 09:13:55 [main] INFO  stepDefinitions.LoginSteps - Enter email and password
2026-07-11 09:13:55 [main] INFO  stepDefinitions.LoginSteps - CLicking login button
2026-07-11 09:13:59 [main] INFO  pageObjects.EmployeePage - Employee ID From UI: 112292
2026-07-11 09:14:00 [main] INFO  stepDefinitions.LoginSteps - Launching browser
2026-07-11 09:14:00 [main] INFO  stepDefinitions.LoginSteps - Opening Orange HRM Login page
2026-07-11 09:14:03 [main] INFO  stepDefinitions.LoginSteps - Enter email and password
2026-07-11 09:14:04 [main] INFO  stepDefinitions.LoginSteps - CLicking login button
2026-07-11 09:14:09 [main] INFO  stepDefinitions.LoginSteps - Launching browser
2026-07-11 09:14:09 [main] INFO  stepDefinitions.LoginSteps - Opening Orange HRM Login page
2026-07-11 09:14:12 [main] INFO  stepDefinitions.LoginSteps - Enter email and password
2026-07-11 09:14:12 [main] INFO  stepDefinitions.LoginSteps - CLicking login button
2026-07-11 09:14:17 [main] INFO  stepDefinitions.LoginSteps - Launching browser
2026-07-11 09:14:17 [main] INFO  stepDefinitions.LoginSteps - Opening Orange HRM Login page
2026-07-11 09:14:21 [main] INFO  stepDefinitions.LoginSteps - Enter email and password
2026-07-11 09:14:21 [main] INFO  stepDefinitions.LoginSteps - CLicking login button
2026-07-11 09:24:41 [main] INFO  stepDefinitions.LoginSteps - Launching browser
2026-07-11 09:24:41 [main] INFO  stepDefinitions.LoginSteps - Opening Orange HRM Login page
2026-07-11 09:24:48 [main] INFO  stepDefinitions.LoginSteps - Enter email and password
2026-07-11 09:24:48 [main] INFO  stepDefinitions.LoginSteps - CLicking login button
2026-07-11 09:24:57 [main] INFO  stepDefinitions.LoginSteps - Launching browser
2026-07-11 09:24:57 [main] INFO  stepDefinitions.LoginSteps - Opening Orange HRM Login page
2026-07-11 09:25:00 [main] INFO  stepDefinitions.LoginSteps - Enter email and password
2026-07-11 09:25:01 [main] INFO  stepDefinitions.LoginSteps - CLicking login button
2026-07-11 09:25:04 [main] INFO  pageObjects.EmployeePage - Employee ID From UI: 10441257
2026-07-11 09:25:04 [main] INFO  pageObjects.EmployeePage - Employee ID From UI: 0312
2026-07-11 09:25:04 [main] INFO  pageObjects.EmployeePage - Employee ID From UI: admin
2026-07-11 09:25:04 [main] INFO  pageObjects.EmployeePage - Retrying due to stale DOM. Attempt: 1
2026-07-11 09:25:04 [main] INFO  pageObjects.EmployeePage - Employee ID From UI: 112293
2026-07-11 09:25:05 [main] INFO  stepDefinitions.LoginSteps - Launching browser
2026-07-11 09:25:05 [main] INFO  stepDefinitions.LoginSteps - Opening Orange HRM Login page
2026-07-11 09:25:09 [main] INFO  stepDefinitions.LoginSteps - Enter email and password
2026-07-11 09:25:09 [main] INFO  stepDefinitions.LoginSteps - CLicking login button
2026-07-11 09:25:14 [main] INFO  stepDefinitions.LoginSteps - Launching browser
2026-07-11 09:25:14 [main] INFO  stepDefinitions.LoginSteps - Opening Orange HRM Login page
2026-07-11 09:25:17 [main] INFO  stepDefinitions.LoginSteps - Enter email and password
2026-07-11 09:25:17 [main] INFO  stepDefinitions.LoginSteps - CLicking login button
2026-07-11 09:25:21 [main] INFO  stepDefinitions.LoginSteps - Launching browser
2026-07-11 09:25:21 [main] INFO  stepDefinitions.LoginSteps - Opening Orange HRM Login page
2026-07-11 09:25:24 [main] INFO  stepDefinitions.LoginSteps - Enter email and password
2026-07-11 09:25:24 [main] INFO  stepDefinitions.LoginSteps - CLicking login button
2026-07-11 09:31:43 [main] INFO  stepDefinitions.LoginSteps - Launching browser
2026-07-11 09:31:43 [main] INFO  stepDefinitions.LoginSteps - Opening Orange HRM Login page
2026-07-11 09:31:47 [main] INFO  stepDefinitions.LoginSteps - Enter email and password
2026-07-11 09:31:47 [main] INFO  stepDefinitions.LoginSteps - CLicking login button
2026-07-11 09:31:52 [main] INFO  stepDefinitions.LoginSteps - Launching browser
2026-07-11 09:31:52 [main] INFO  stepDefinitions.LoginSteps - Opening Orange HRM Login page
2026-07-11 09:31:55 [main] INFO  stepDefinitions.LoginSteps - Enter email and password
2026-07-11 09:31:55 [main] INFO  stepDefinitions.LoginSteps - CLicking login button
2026-07-11 09:35:42 [main] INFO  stepDefinitions.LoginSteps - Launching browser
2026-07-11 09:35:42 [main] INFO  stepDefinitions.LoginSteps - Opening Orange HRM Login page
2026-07-11 09:35:45 [main] INFO  stepDefinitions.LoginSteps - Enter email and password
2026-07-11 09:35:45 [main] INFO  stepDefinitions.LoginSteps - CLicking login button
2026-07-11 09:35:50 [main] INFO  stepDefinitions.LoginSteps - Launching browser
2026-07-11 09:35:50 [main] INFO  stepDefinitions.LoginSteps - Opening Orange HRM Login page
2026-07-11 09:35:53 [main] INFO  stepDefinitions.LoginSteps - Enter email and password
2026-07-11 09:35:53 [main] INFO  stepDefinitions.LoginSteps - CLicking login button
2026-07-11 09:36:04 [main] INFO  stepDefinitions.LoginSteps - Actual and Expected titles E:  ** https://opensource-demo.orangehrmlive.com/web/index.php/dashboard/index
2026-07-11 09:47:15 [main] INFO  stepDefinitions.LoginSteps - Launching browser
2026-07-11 09:47:15 [main] INFO  stepDefinitions.LoginSteps - Opening Orange HRM Login page
2026-07-11 09:47:18 [main] INFO  stepDefinitions.LoginSteps - Enter email and password
2026-07-11 09:47:19 [main] INFO  stepDefinitions.LoginSteps - CLicking login button
2026-07-11 09:47:23 [main] INFO  stepDefinitions.LoginSteps - Launching browser
2026-07-11 09:47:23 [main] INFO  stepDefinitions.LoginSteps - Opening Orange HRM Login page
2026-07-11 09:47:26 [main] INFO  stepDefinitions.LoginSteps - Enter email and password
2026-07-11 09:47:26 [main] INFO  stepDefinitions.LoginSteps - CLicking login button
2026-07-11 09:47:37 [main] INFO  stepDefinitions.LoginSteps - Exception isExpected condition failed: waiting for visibility of element found by By.xpath: //*[@id="app"]/div[1]/div[1]/aside/nav/div[2]/ul/li[2]/a/span, but... org.openqa.selenium.NoSuchElementException: no such element: Unable to locate element: {"method":"xpath","selector":"//*[@id="app"]/div[1]/div[1]/aside/nav/div[2]/ul/li[2]/a/span"}.
(tried for 10 seconds with 500 milliseconds interval)
Build info: version: '4.43.0', revision: 'dd0f534'
System info: os.name: 'Windows 11', os.arch: 'amd64', os.version: '10.0', java.version: '21.0.8'
Driver info: org.openqa.selenium.chrome.ChromeDriver
Capabilities {acceptInsecureCerts: false, browserName: chrome, browserVersion: 150.0.7871.102, chrome: {chromedriverVersion: 150.0.7871.115 (25f5b661e5b..., userDataDir: C:\Users\arunr\AppData\Loca...}, fedcm:accounts: true, goog:chromeOptions: {debuggerAddress: localhost:54360}, goog:processID: 15976, networkConnectionEnabled: false, pageLoadStrategy: normal, platformName: windows, proxy: Proxy(), se:cdp: ws://localhost:54360/devtoo..., se:cdpVersion: 150.0.7871.102, setWindowRect: true, strictFileInteractability: false, timeouts: {implicit: 0, pageLoad: 300000, script: 30000}, unhandledPromptBehavior: dismiss and notify, webauthn:extension:credBlob: true, webauthn:extension:largeBlob: true, webauthn:extension:minPinLength: true, webauthn:extension:prf: true, webauthn:virtualAuthenticators: true}
Session ID: 7afced98a0ad3ff33f2387318dbdac34
2026-07-11 09:47:37 [main] INFO  stepDefinitions.LoginSteps - Actual and Expected titles E:  ** https://opensource-demo.orangehrmlive.com/web/index.php/dashboard/index
2026-07-11 10:04:53 [main] INFO  stepDefinitions.LoginSteps - Launching browser
2026-07-11 10:04:53 [main] INFO  stepDefinitions.LoginSteps - Opening Orange HRM Login page
2026-07-11 10:04:56 [main] INFO  stepDefinitions.LoginSteps - Enter email and password
2026-07-11 10:04:56 [main] INFO  stepDefinitions.LoginSteps - CLicking login button
2026-07-11 10:05:01 [main] INFO  stepDefinitions.LoginSteps - Launching browser
2026-07-11 10:05:01 [main] INFO  stepDefinitions.LoginSteps - Opening Orange HRM Login page
2026-07-11 10:05:04 [main] INFO  stepDefinitions.LoginSteps - Enter email and password
2026-07-11 10:05:04 [main] INFO  stepDefinitions.LoginSteps - CLicking login button
2026-07-11 10:05:15 [main] INFO  stepDefinitions.LoginSteps - Exception isExpected condition failed: waiting for visibility of element found by By.xpath: //*[@id="app"]/div[1]/div[1]/aside/nav/div[2]/ul/li[2]/a/span, but... org.openqa.selenium.NoSuchElementException: no such element: Unable to locate element: {"method":"xpath","selector":"//*[@id="app"]/div[1]/div[1]/aside/nav/div[2]/ul/li[2]/a/span"}.
(tried for 10 seconds with 500 milliseconds interval)
Build info: version: '4.43.0', revision: 'dd0f534'
System info: os.name: 'Windows 11', os.arch: 'amd64', os.version: '10.0', java.version: '21.0.8'
Driver info: org.openqa.selenium.chrome.ChromeDriver
Capabilities {acceptInsecureCerts: false, browserName: chrome, browserVersion: 150.0.7871.102, chrome: {chromedriverVersion: 150.0.7871.115 (25f5b661e5b..., userDataDir: C:\Users\arunr\AppData\Loca...}, fedcm:accounts: true, goog:chromeOptions: {debuggerAddress: localhost:63977}, goog:processID: 2592, networkConnectionEnabled: false, pageLoadStrategy: normal, platformName: windows, proxy: Proxy(), se:cdp: ws://localhost:63977/devtoo..., se:cdpVersion: 150.0.7871.102, setWindowRect: true, strictFileInteractability: false, timeouts: {implicit: 0, pageLoad: 300000, script: 30000}, unhandledPromptBehavior: dismiss and notify, webauthn:extension:credBlob: true, webauthn:extension:largeBlob: true, webauthn:extension:minPinLength: true, webauthn:extension:prf: true, webauthn:virtualAuthenticators: true}
Session ID: c8551c7156b06b9e0881df052f44dddc
2026-07-11 10:05:15 [main] INFO  stepDefinitions.LoginSteps - Actual and Expected titles E:  ** https://opensource-demo.orangehrmlive.com/web/index.php/dashboard/index
2026-07-11 10:07:03 [main] INFO  stepDefinitions.LoginSteps - Launching browser
2026-07-11 10:07:03 [main] INFO  stepDefinitions.LoginSteps - Opening Orange HRM Login page
2026-07-11 10:07:06 [main] INFO  stepDefinitions.LoginSteps - Enter email and password
2026-07-11 10:07:06 [main] INFO  stepDefinitions.LoginSteps - CLicking login button
2026-07-11 10:07:15 [main] INFO  stepDefinitions.LoginSteps - Launching browser
2026-07-11 10:07:15 [main] INFO  stepDefinitions.LoginSteps - Opening Orange HRM Login page
2026-07-11 10:07:18 [main] INFO  stepDefinitions.LoginSteps - Enter email and password
2026-07-11 10:07:18 [main] INFO  stepDefinitions.LoginSteps - CLicking login button
2026-07-11 10:07:22 [main] INFO  pageObjects.EmployeePage - Employee ID From UI: 112293
2026-07-11 10:07:23 [main] INFO  stepDefinitions.LoginSteps - Launching browser
2026-07-11 10:07:23 [main] INFO  stepDefinitions.LoginSteps - Opening Orange HRM Login page
2026-07-11 10:07:26 [main] INFO  stepDefinitions.LoginSteps - Enter email and password
2026-07-11 10:07:26 [main] INFO  stepDefinitions.LoginSteps - CLicking login button
2026-07-11 10:07:31 [main] INFO  stepDefinitions.LoginSteps - Launching browser
2026-07-11 10:07:31 [main] INFO  stepDefinitions.LoginSteps - Opening Orange HRM Login page
2026-07-11 10:07:36 [main] INFO  stepDefinitions.LoginSteps - Enter email and password
2026-07-11 10:07:36 [main] INFO  stepDefinitions.LoginSteps - CLicking login button
2026-07-11 10:07:40 [main] INFO  stepDefinitions.LoginSteps - Launching browser
2026-07-11 10:07:40 [main] INFO  stepDefinitions.LoginSteps - Opening Orange HRM Login page
2026-07-11 10:07:44 [main] INFO  stepDefinitions.LoginSteps - Enter email and password
2026-07-11 10:07:44 [main] INFO  stepDefinitions.LoginSteps - CLicking login button
